# JRE version: OpenJDK Runtime Environment (8.0_242-b01) (build 1.8.0_242-release-1644-b01)
# Java VM: OpenJDK 64-Bit Server VM (25.242-b01 mixed mode windows-amd64 compressed oops)
Heap:
 PSYoungGen      total 458752K, used 243579K [0x00000000d5580000, 0x00000000fc500000, 0x0000000100000000)
  eden space 391168K, 62% used [0x00000000d5580000,0x00000000e435eed8,0x00000000ed380000)
  from space 67584K, 0% used [0x00000000ed380000,0x00000000ed380000,0x00000000f1580000)
  to   space 95744K, 0% used [0x00000000f6780000,0x00000000f6780000,0x00000000fc500000)
 ParOldGen       total 352256K, used 197925K [0x0000000080000000, 0x0000000095800000, 0x00000000d5580000)
  object space 352256K, 56% used [0x0000000080000000,0x000000008c149468,0x0000000095800000)
 Metaspace       used 104982K, capacity 111509K, committed 112936K, reserved 1146880K
  class space    used 13795K, capacity 15042K, committed 15400K, reserved 1048576K
GC Heap History (10 events):
Event: 305.796 GC heap before
{Heap before GC invocations=20 (full 4):
 PSYoungGen      total 398336K, used 23039K [0x00000000d5580000, 0x00000000f0780000, 0x0000000100000000)
  eden space 370688K, 0% used [0x00000000d5580000,0x00000000d5580000,0x00000000ebf80000)
  from space 27648K, 83% used [0x00000000eec80000,0x00000000f02ffdd8,0x00000000f0780000)
  to   space 36864K, 0% used [0x00000000ebf80000,0x00000000ebf80000,0x00000000ee380000)
 ParOldGen       total 113152K, used 98385K [0x0000000080000000, 0x0000000086e80000, 0x00000000d5580000)
  object space 113152K, 86% used [0x0000000080000000,0x0000000086014778,0x0000000086e80000)
 Metaspace       used 86664K, capacity 92270K, committed 92456K, reserved 1128448K
  class space    used 11612K, capacity 12722K, committed 12840K, reserved 1048576K
Event: 307.321 GC heap after
Heap after GC invocations=20 (full 4):
 PSYoungGen      total 398336K, used 1406K [0x00000000d5580000, 0x00000000f0780000, 0x0000000100000000)
  eden space 370688K, 0% used [0x00000000d5580000,0x00000000d5580000,0x00000000ebf80000)
  from space 27648K, 5% used [0x00000000eec80000,0x00000000eeddf8b8,0x00000000f0780000)
  to   space 36864K, 0% used [0x00000000ebf80000,0x00000000ebf80000,0x00000000ee380000)
 ParOldGen       total 220160K, used 112759K [0x0000000080000000, 0x000000008d700000, 0x00000000d5580000)
  object space 220160K, 51% used [0x0000000080000000,0x0000000086e1dfc0,0x000000008d700000)
 Metaspace       used 86578K, capacity 92024K, committed 92456K, reserved 1128448K
  class space    used 11584K, capacity 12673K, committed 12840K, reserved 1048576K
}
Event: 2203.549 GC heap before
{Heap before GC invocations=21 (full 4):
 PSYoungGen      total 398336K, used 372094K [0x00000000d5580000, 0x00000000f0780000, 0x0000000100000000)
  eden space 370688K, 100% used [0x00000000d5580000,0x00000000ebf80000,0x00000000ebf80000)
  from space 27648K, 5% used [0x00000000eec80000,0x00000000eeddf8b8,0x00000000f0780000)
  to   space 36864K, 0% used [0x00000000ebf80000,0x00000000ebf80000,0x00000000ee380000)
 ParOldGen       total 220160K, used 112759K [0x0000000080000000, 0x000000008d700000, 0x00000000d5580000)
  object space 220160K, 51% used [0x0000000080000000,0x0000000086e1dfc0,0x000000008d700000)
 Metaspace       used 95143K, capacity 100998K, committed 101160K, reserved 1136640K
  class space    used 12632K, capacity 13786K, committed 13864K, reserved 1048576K
Event: 2203.724 GC heap after
Heap after GC invocations=21 (full 4):
 PSYoungGen      total 407552K, used 27346K [0x00000000d5580000, 0x00000000f3c00000, 0x0000000100000000)
  eden space 370688K, 0% used [0x00000000d5580000,0x00000000d5580000,0x00000000ebf80000)
  from space 36864K, 74% used [0x00000000ebf80000,0x00000000eda34ae8,0x00000000ee380000)
  to   space 39424K, 0% used [0x00000000f1580000,0x00000000f1580000,0x00000000f3c00000)
 ParOldGen       total 220160K, used 112767K [0x0000000080000000, 0x000000008d700000, 0x00000000d5580000)
  object space 220160K, 51% used [0x0000000080000000,0x0000000086e1ffc0,0x000000008d700000)
 Metaspace       used 95143K, capacity 100998K, committed 101160K, reserved 1136640K
  class space    used 12632K, capacity 13786K, committed 13864K, reserved 1048576K
}
Event: 2216.112 GC heap before
{Heap before GC invocations=22 (full 4):
 PSYoungGen      total 407552K, used 398034K [0x00000000d5580000, 0x00000000f3c00000, 0x0000000100000000)
  eden space 370688K, 100% used [0x00000000d5580000,0x00000000ebf80000,0x00000000ebf80000)
  from space 36864K, 74% used [0x00000000ebf80000,0x00000000eda34ae8,0x00000000ee380000)
  to   space 39424K, 0% used [0x00000000f1580000,0x00000000f1580000,0x00000000f3c00000)
 ParOldGen       total 220160K, used 112767K [0x0000000080000000, 0x000000008d700000, 0x00000000d5580000)
  object space 220160K, 51% used [0x0000000080000000,0x0000000086e1ffc0,0x000000008d700000)
 Metaspace       used 104454K, capacity 111166K, committed 111272K, reserved 1144832K
  class space    used 13891K, capacity 15186K, committed 15272K, reserved 1048576K
Event: 2216.445 GC heap after
Heap after GC invocations=22 (full 4):
 PSYoungGen      total 430592K, used 39397K [0x00000000d5580000, 0x00000000f8100000, 0x0000000100000000)
  eden space 391168K, 0% used [0x00000000d5580000,0x00000000d5580000,0x00000000ed380000)
  from space 39424K, 99% used [0x00000000f1580000,0x00000000f3bf94b8,0x00000000f3c00000)
  to   space 67584K, 0% used [0x00000000ed380000,0x00000000ed380000,0x00000000f1580000)
 ParOldGen       total 220160K, used 172761K [0x0000000080000000, 0x000000008d700000, 0x00000000d5580000)
  object space 220160K, 78% used [0x0000000080000000,0x000000008a8b6400,0x000000008d700000)
 Metaspace       used 104454K, capacity 111166K, committed 111272K, reserved 1144832K
  class space    used 13891K, capacity 15186K, committed 15272K, reserved 1048576K
}
Event: 2797.709 GC heap before
{Heap before GC invocations=23 (full 4):
 PSYoungGen      total 430592K, used 430565K [0x00000000d5580000, 0x00000000f8100000, 0x0000000100000000)
  eden space 391168K, 100% used [0x00000000d5580000,0x00000000ed380000,0x00000000ed380000)
  from space 39424K, 99% used [0x00000000f1580000,0x00000000f3bf94b8,0x00000000f3c00000)
  to   space 67584K, 0% used [0x00000000ed380000,0x00000000ed380000,0x00000000f1580000)
 ParOldGen       total 220160K, used 172761K [0x0000000080000000, 0x000000008d700000, 0x00000000d5580000)
  object space 220160K, 78% used [0x0000000080000000,0x000000008a8b6400,0x000000008d700000)
 Metaspace       used 105470K, capacity 112488K, committed 112680K, reserved 1146880K
  class space    used 13937K, capacity 15319K, committed 15400K, reserved 1048576K
Event: 2797.984 GC heap after
Heap after GC invocations=23 (full 4):
 PSYoungGen      total 458752K, used 67579K [0x00000000d5580000, 0x00000000fc500000, 0x0000000100000000)
  eden space 391168K, 0% used [0x00000000d5580000,0x00000000d5580000,0x00000000ed380000)
  from space 67584K, 99% used [0x00000000ed380000,0x00000000f157ec88,0x00000000f1580000)
  to   space 95744K, 0% used [0x00000000f6780000,0x00000000f6780000,0x00000000fc500000)
 ParOldGen       total 220160K, used 217457K [0x0000000080000000, 0x000000008d700000, 0x00000000d5580000)
  object space 220160K, 98% used [0x0000000080000000,0x000000008d45c788,0x000000008d700000)
 Metaspace       used 105470K, capacity 112488K, committed 112680K, reserved 1146880K
  class space    used 13937K, capacity 15319K, committed 15400K, reserved 1048576K
}
Event: 2797.985 GC heap before
{Heap before GC invocations=24 (full 5):
 PSYoungGen      total 458752K, used 67579K [0x00000000d5580000, 0x00000000fc500000, 0x0000000100000000)
  eden space 391168K, 0% used [0x00000000d5580000,0x00000000d5580000,0x00000000ed380000)
  from space 67584K, 99% used [0x00000000ed380000,0x00000000f157ec88,0x00000000f1580000)
  to   space 95744K, 0% used [0x00000000f6780000,0x00000000f6780000,0x00000000fc500000)
 ParOldGen       total 220160K, used 217457K [0x0000000080000000, 0x000000008d700000, 0x00000000d5580000)
  object space 220160K, 98% used [0x0000000080000000,0x000000008d45c788,0x000000008d700000)
 Metaspace       used 105470K, capacity 112488K, committed 112680K, reserved 1146880K
  class space    used 13937K, capacity 15319K, committed 15400K, reserved 1048576K
Event: 2799.471 GC heap after
Heap after GC invocations=24 (full 5):
 PSYoungGen      total 458752K, used 0K [0x00000000d5580000, 0x00000000fc500000, 0x0000000100000000)
  eden space 391168K, 0% used [0x00000000d5580000,0x00000000d5580000,0x00000000ed380000)
  from space 67584K, 0% used [0x00000000ed380000,0x00000000ed380000,0x00000000f1580000)
  to   space 95744K, 0% used [0x00000000f6780000,0x00000000f6780000,0x00000000fc500000)
 ParOldGen       total 352256K, used 197925K [0x0000000080000000, 0x0000000095800000, 0x00000000d5580000)
  object space 352256K, 56% used [0x0000000080000000,0x000000008c149468,0x0000000095800000)
 Metaspace       used 104741K, capacity 111162K, committed 112680K, reserved 1146880K
  class space    used 13781K, capacity 15018K, committed 15400K, reserved 1048576K
}

