# JRE version: OpenJDK Runtime Environment (8.0_242-b01) (build 1.8.0_242-release-1644-b01)
# Java VM: OpenJDK 64-Bit Server VM (25.242-b01 mixed mode windows-amd64 compressed oops)
Heap:
 PSYoungGen      total 549376K, used 288191K [0x00000000d5580000, 0x0000000100000000, 0x0000000100000000)
  eden space 399872K, 50% used [0x00000000d5580000,0x00000000e19e2ee0,0x00000000edc00000)
  from space 149504K, 58% used [0x00000000edc00000,0x00000000f310cdd8,0x00000000f6e00000)
  to   space 149504K, 0% used [0x00000000f6e00000,0x00000000f6e00000,0x0000000100000000)
 ParOldGen       total 480256K, used 313960K [0x0000000080000000, 0x000000009d500000, 0x00000000d5580000)
  object space 480256K, 65% used [0x0000000080000000,0x000000009329a288,0x000000009d500000)
 Metaspace       used 112219K, capacity 121436K, committed 121648K, reserved 1155072K
  class space    used 14559K, capacity 16153K, committed 16176K, reserved 1048576K
GC Heap History (10 events):
Event: 4838.499 GC heap before
{Heap before GC invocations=25 (full 6):
 PSYoungGen      total 570368K, used 511521K [0x00000000d5580000, 0x0000000100000000, 0x0000000100000000)
  eden space 441856K, 100% used [0x00000000d5580000,0x00000000f0500000,0x00000000f0500000)
  from space 128512K, 54% used [0x00000000f8280000,0x00000000fc688628,0x0000000100000000)
  to   space 128512K, 0% used [0x00000000f0500000,0x00000000f0500000,0x00000000f8280000)
 ParOldGen       total 480256K, used 281065K [0x0000000080000000, 0x000000009d500000, 0x00000000d5580000)
  object space 480256K, 58% used [0x0000000080000000,0x000000009127a4c8,0x000000009d500000)
 Metaspace       used 100977K, capacity 109288K, committed 109488K, reserved 1144832K
  class space    used 13184K, capacity 14648K, committed 14768K, reserved 1048576K
Event: 4838.557 GC heap after
Heap after GC invocations=25 (full 6):
 PSYoungGen      total 501760K, used 59752K [0x00000000d5580000, 0x00000000ff800000, 0x0000000100000000)
  eden space 441856K, 0% used [0x00000000d5580000,0x00000000d5580000,0x00000000f0500000)
  from space 59904K, 99% used [0x00000000f0500000,0x00000000f3f5a258,0x00000000f3f80000)
  to   space 124416K, 0% used [0x00000000f7e80000,0x00000000f7e80000,0x00000000ff800000)
 ParOldGen       total 480256K, used 281073K [0x0000000080000000, 0x000000009d500000, 0x00000000d5580000)
  object space 480256K, 58% used [0x0000000080000000,0x000000009127c4c8,0x000000009d500000)
 Metaspace       used 100977K, capacity 109288K, committed 109488K, reserved 1144832K
  class space    used 13184K, capacity 14648K, committed 14768K, reserved 1048576K
}
Event: 5111.264 GC heap before
{Heap before GC invocations=26 (full 6):
 PSYoungGen      total 501760K, used 501608K [0x00000000d5580000, 0x00000000ff800000, 0x0000000100000000)
  eden space 441856K, 100% used [0x00000000d5580000,0x00000000f0500000,0x00000000f0500000)
  from space 59904K, 99% used [0x00000000f0500000,0x00000000f3f5a258,0x00000000f3f80000)
  to   space 124416K, 0% used [0x00000000f7e80000,0x00000000f7e80000,0x00000000ff800000)
 ParOldGen       total 480256K, used 281073K [0x0000000080000000, 0x000000009d500000, 0x00000000d5580000)
  object space 480256K, 58% used [0x0000000080000000,0x000000009127c4c8,0x000000009d500000)
 Metaspace       used 101137K, capacity 109574K, committed 109744K, reserved 1144832K
  class space    used 13198K, capacity 14673K, committed 14768K, reserved 1048576K
Event: 5111.338 GC heap after
Heap after GC invocations=26 (full 6):
 PSYoungGen      total 567296K, used 68791K [0x00000000d5580000, 0x0000000100000000, 0x0000000100000000)
  eden space 442880K, 0% used [0x00000000d5580000,0x00000000d5580000,0x00000000f0600000)
  from space 124416K, 55% used [0x00000000f7e80000,0x00000000fc1adc10,0x00000000ff800000)
  to   space 123392K, 0% used [0x00000000f0600000,0x00000000f0600000,0x00000000f7e80000)
 ParOldGen       total 480256K, used 281081K [0x0000000080000000, 0x000000009d500000, 0x00000000d5580000)
  object space 480256K, 58% used [0x0000000080000000,0x000000009127e4c8,0x000000009d500000)
 Metaspace       used 101137K, capacity 109574K, committed 109744K, reserved 1144832K
  class space    used 13198K, capacity 14673K, committed 14768K, reserved 1048576K
}
Event: 6523.687 GC heap before
{Heap before GC invocations=27 (full 6):
 PSYoungGen      total 567296K, used 511671K [0x00000000d5580000, 0x0000000100000000, 0x0000000100000000)
  eden space 442880K, 100% used [0x00000000d5580000,0x00000000f0600000,0x00000000f0600000)
  from space 124416K, 55% used [0x00000000f7e80000,0x00000000fc1adc10,0x00000000ff800000)
  to   space 123392K, 0% used [0x00000000f0600000,0x00000000f0600000,0x00000000f7e80000)
 ParOldGen       total 480256K, used 281081K [0x0000000080000000, 0x000000009d500000, 0x00000000d5580000)
  object space 480256K, 58% used [0x0000000080000000,0x000000009127e4c8,0x000000009d500000)
 Metaspace       used 109793K, capacity 118816K, committed 119088K, reserved 1153024K
  class space    used 14311K, capacity 15867K, committed 15920K, reserved 1048576K
Event: 6524.095 GC heap after
Heap after GC invocations=27 (full 6):
 PSYoungGen      total 566272K, used 89307K [0x00000000d5580000, 0x0000000100000000, 0x0000000100000000)
  eden space 442880K, 0% used [0x00000000d5580000,0x00000000d5580000,0x00000000f0600000)
  from space 123392K, 72% used [0x00000000f0600000,0x00000000f5d36ca0,0x00000000f7e80000)
  to   space 130048K, 0% used [0x00000000f8100000,0x00000000f8100000,0x0000000100000000)
 ParOldGen       total 480256K, used 281089K [0x0000000080000000, 0x000000009d500000, 0x00000000d5580000)
  object space 480256K, 58% used [0x0000000080000000,0x00000000912804c8,0x000000009d500000)
 Metaspace       used 109793K, capacity 118816K, committed 119088K, reserved 1153024K
  class space    used 14311K, capacity 15867K, committed 15920K, reserved 1048576K
}
Event: 6527.547 GC heap before
{Heap before GC invocations=28 (full 6):
 PSYoungGen      total 566272K, used 532187K [0x00000000d5580000, 0x0000000100000000, 0x0000000100000000)
  eden space 442880K, 100% used [0x00000000d5580000,0x00000000f0600000,0x00000000f0600000)
  from space 123392K, 72% used [0x00000000f0600000,0x00000000f5d36ca0,0x00000000f7e80000)
  to   space 130048K, 0% used [0x00000000f8100000,0x00000000f8100000,0x0000000100000000)
 ParOldGen       total 480256K, used 281089K [0x0000000080000000, 0x000000009d500000, 0x00000000d5580000)
  object space 480256K, 58% used [0x0000000080000000,0x00000000912804c8,0x000000009d500000)
 Metaspace       used 110470K, capacity 119466K, committed 119728K, reserved 1153024K
  class space    used 14387K, capacity 15934K, committed 16048K, reserved 1048576K
Event: 6527.881 GC heap after
Heap after GC invocations=28 (full 6):
 PSYoungGen      total 529920K, used 129065K [0x00000000d5580000, 0x0000000100000000, 0x0000000100000000)
  eden space 399872K, 0% used [0x00000000d5580000,0x00000000d5580000,0x00000000edc00000)
  from space 130048K, 99% used [0x00000000f8100000,0x00000000fff0a6d8,0x0000000100000000)
  to   space 149504K, 0% used [0x00000000edc00000,0x00000000edc00000,0x00000000f6e00000)
 ParOldGen       total 480256K, used 281097K [0x0000000080000000, 0x000000009d500000, 0x00000000d5580000)
  object space 480256K, 58% used [0x0000000080000000,0x00000000912824c8,0x000000009d500000)
 Metaspace       used 110470K, capacity 119466K, committed 119728K, reserved 1153024K
  class space    used 14387K, capacity 15934K, committed 16048K, reserved 1048576K
}
Event: 7270.803 GC heap before
{Heap before GC invocations=29 (full 6):
 PSYoungGen      total 529920K, used 528922K [0x00000000d5580000, 0x0000000100000000, 0x0000000100000000)
  eden space 399872K, 99% used [0x00000000d5580000,0x00000000edbfc3c0,0x00000000edc00000)
  from space 130048K, 99% used [0x00000000f8100000,0x00000000fff0a6d8,0x0000000100000000)
  to   space 149504K, 0% used [0x00000000edc00000,0x00000000edc00000,0x00000000f6e00000)
 ParOldGen       total 480256K, used 281097K [0x0000000080000000, 0x000000009d500000, 0x00000000d5580000)
  object space 480256K, 58% used [0x0000000080000000,0x00000000912824c8,0x000000009d500000)
 Metaspace       used 112106K, capacity 121392K, committed 121648K, reserved 1155072K
  class space    used 14556K, capacity 16147K, committed 16176K, reserved 1048576K
Event: 7270.928 GC heap after
Heap after GC invocations=29 (full 6):
 PSYoungGen      total 549376K, used 87091K [0x00000000d5580000, 0x0000000100000000, 0x0000000100000000)
  eden space 399872K, 0% used [0x00000000d5580000,0x00000000d5580000,0x00000000edc00000)
  from space 149504K, 58% used [0x00000000edc00000,0x00000000f310cdd8,0x00000000f6e00000)
  to   space 149504K, 0% used [0x00000000f6e00000,0x00000000f6e00000,0x0000000100000000)
 ParOldGen       total 480256K, used 313960K [0x0000000080000000, 0x000000009d500000, 0x00000000d5580000)
  object space 480256K, 65% used [0x0000000080000000,0x000000009329a288,0x000000009d500000)
 Metaspace       used 112106K, capacity 121392K, committed 121648K, reserved 1155072K
  class space    used 14556K, capacity 16147K, committed 16176K, reserved 1048576K
}

